<?xml version="1.0" encoding="UTF-8"?>
<robot generator="Robot 4.0.2 (Python 3.9.2 on darwin)" generated="20210525 21:14:59.099" rpa="false" schemaversion="2">
<suite id="s1" name="TC005 XML Validation" source="/Users/ishandhaliwal/Documents/RobotFrameworkPython/RestAPITesting/TestCases/TC005_XML_Validation.robot">
<test id="s1-t1" name="Testcase1:">
<kw name="Parse Xml" library="XML">
<var>${xml_obj}</var>
<arg>/Users/ishandhaliwal/Documents/RobotFrameworkPython/RestAPITesting/TestCases/Food.xml</arg>
<doc>Parses the given XML file or string into an element structure.</doc>
<msg timestamp="20210525 21:14:59.144" level="INFO">${xml_obj} = &lt;Element 'breakfast_menu' at 0x7f8938a797c0&gt;</msg>
<status status="PASS" starttime="20210525 21:14:59.143" endtime="20210525 21:14:59.144"/>
</kw>
<kw name="Get Element Text" library="XML">
<var>${price}</var>
<arg>${xml_obj}</arg>
<arg>.//food[1]/price</arg>
<doc>Returns all text of the element, possibly whitespace normalized.</doc>
<msg timestamp="20210525 21:14:59.145" level="INFO">${price} = $5.95</msg>
<status status="PASS" starttime="20210525 21:14:59.144" endtime="20210525 21:14:59.145"/>
</kw>
<kw name="Log To Console" library="BuiltIn">
<arg>${price}</arg>
<doc>Logs the given message to the console.</doc>
<status status="PASS" starttime="20210525 21:14:59.145" endtime="20210525 21:14:59.145"/>
</kw>
<kw name="Should Be Equal" library="BuiltIn">
<arg>${price}</arg>
<arg>$5.95</arg>
<doc>Fails if the given objects are unequal.</doc>
<status status="PASS" starttime="20210525 21:14:59.145" endtime="20210525 21:14:59.145"/>
</kw>
<status status="PASS" starttime="20210525 21:14:59.143" endtime="20210525 21:14:59.146"/>
</test>
<status status="PASS" starttime="20210525 21:14:59.100" endtime="20210525 21:14:59.146"/>
</suite>
<statistics>
<total>
<stat pass="1" fail="0" skip="0">All Tests</stat>
</total>
<tag>
</tag>
<suite>
<stat pass="1" fail="0" skip="0" id="s1" name="TC005 XML Validation">TC005 XML Validation</stat>
</suite>
</statistics>
<errors>
</errors>
</robot>
